<?xml version="1.0" encoding="UTF-8"?>
<!-- Generated by org.testng.reporters.JUnitReportReporter -->
<testsuite hostname="DESKTOP-V2EL8IJ" failures="0" tests="1" name="PokeLifeBotByMetin.tests.CheckPATest" time="1.695" errors="0" timestamp="2023-12-11T22:10:58 CET" skipped="0">
  <testcase classname="PokeLifeBotByMetin.tests.CheckPATest" name="checkPA" time="1.695"/>
</testsuite> <!-- PokeLifeBotByMetin.tests.CheckPATest -->
