<?xml version="1.0" encoding="UTF-8"?>
<!-- Generated by org.testng.reporters.JUnitReportReporter -->
<testsuite hostname="DESKTOP-V2EL8IJ" failures="0" tests="1" name="PokeLifeBotByMetin.tests.LogInTest" time="1.797" errors="0" timestamp="2023-12-11T22:10:58 CET" skipped="0">
  <testcase classname="PokeLifeBotByMetin.tests.LogInTest" name="logInTest" time="1.797"/>
</testsuite> <!-- PokeLifeBotByMetin.tests.LogInTest -->
